ISim log file
Running: /home/rajp/Projects/CS_3710/assignment_3/CoreTest_isim_beh.exe -intstyle ise -gui -tclbatch isim.cmd -wdb /home/rajp/Projects/CS_3710/assignment_3/CoreTest_isim_beh.wdb 
ISim P.20131013 (signature 0xfbc00daa)
WARNING: A WEBPACK license was found.
WARNING: Please use Xilinx License Configuration Manager to check out a full ISim license.
WARNING: ISim will run in Lite mode. Please refer to the ISim documentation for more information on the differences between the Lite and the Full version.
This is a Lite version of ISim.
Time resolution is 1 ps
# onerror resume
# wave add /
# run 1000 ns
Simulator is doing circuit initialization process.
 Block Memory Generator CORE Generator module loading initial data...
 Block Memory Generator data initialization complete.
Block Memory Generator CORE Generator module CoreTest.uut._vgaRam.inst.\native_mem_module.blk_mem_gen_v7_3_inst  is using a behavioral model for simulation which will not precisely model memory collision behavior.
Finished circuit initialization process.
# run all
Stopped at time : 1663540 ns : File "/home/rajp/Projects/CS_3710/assignment_3/CoreTest.v" Line 58
# run all
Stopped at time : 4073170 ns : File "/home/rajp/Projects/CS_3710/assignment_3/PixelGenerator.v" Line 65
# restart
# run all
Simulator is doing circuit initialization process.
 Block Memory Generator CORE Generator module loading initial data...
 Block Memory Generator data initialization complete.
Block Memory Generator CORE Generator module CoreTest.uut._vgaRam.inst.\native_mem_module.blk_mem_gen_v7_3_inst  is using a behavioral model for simulation which will not precisely model memory collision behavior.
Finished circuit initialization process.
Stopped at time : 1781080 ns : File "/home/rajp/Projects/CS_3710/assignment_3/CoreTest.v" Line 58
