Command line:
   Core_isim_beh.exe
     -simmode  gui
     -simrunnum  0
     -socket  42239

Thu Nov  9 14:37:17 2017


 Elaboration Time: 0.02 sec

 Current Memory Usage: 196.018 Meg

 Total Signals          : 23
 Total Nets             : 150
 Total Signal Drivers   : 15
 Total Blocks           : 3
 Total Primitive Blocks : 2
 Total Processes        : 26
 Total Traceable Variables  : 98
 Total Scalar Nets and Variables : 1138
Total Line Count : 223
Total Line Count : 223

 Total Simulation Time: 0.15 sec

 Current Memory Usage: 271.52 Meg

Thu Nov  9 14:39:24 2017

